<?xml version="1.0" encoding="UTF-8"?>
<testng-results ignored="0" total="1" passed="1" failed="0" skipped="0">
  <reporter-output>
  </reporter-output>
  <suite started-at="2021-05-21T16:28:39 PKT" name="Default suite" finished-at="2021-05-21T16:28:48 PKT" duration-ms="8919">
    <groups>
    </groups>
    <test started-at="2021-05-21T16:28:39 PKT" name="Default test" finished-at="2021-05-21T16:28:48 PKT" duration-ms="8919">
      <class name="com.ajaxgooglesearch.testcases.AjaxGoogleSearch">
        <test-method signature="main()[pri:0, instance:com.ajaxgooglesearch.testcases.AjaxGoogleSearch@3eb7fc54]" started-at="2021-05-21T16:28:39 PKT" name="main" finished-at="2021-05-21T16:28:48 PKT" duration-ms="8862" status="PASS">
          <reporter-output>
          </reporter-output>
        </test-method> <!-- main -->
      </class> <!-- com.ajaxgooglesearch.testcases.AjaxGoogleSearch -->
    </test> <!-- Default test -->
  </suite> <!-- Default suite -->
</testng-results>
